<?xml version="1.0" encoding="UTF-8"?>
<testsuite name="Teste" tests="1" skipped="0" failures="0" errors="0" timestamp="2020-02-28T19:16:52" hostname="tqi-uol-001255" time="2.285">
  <properties/>
  <testcase name="testGet2" classname="Teste" time="2.285"/>
  <system-out><![CDATA[]]></system-out>
  <system-err><![CDATA[]]></system-err>
</testsuite>
