<?xml version="1.0" encoding="UTF-8"?>
<testsuite name="Teste" tests="1" skipped="0" failures="0" errors="0" timestamp="2020-02-26T20:01:28" hostname="tqi-uol-001255" time="1.874">
  <properties/>
  <testcase name="testPost3" classname="Teste" time="1.874"/>
  <system-out><![CDATA[]]></system-out>
  <system-err><![CDATA[]]></system-err>
</testsuite>
