<?xml version="1.0" encoding="UTF-8"?>
<testsuite name="Teste" tests="1" skipped="0" failures="0" errors="0" timestamp="2020-02-28T17:08:45" hostname="tqi-uol-001255" time="1.693">
  <properties/>
  <testcase name="deleteUserTest" classname="Teste" time="1.693"/>
  <system-out><![CDATA[]]></system-out>
  <system-err><![CDATA[]]></system-err>
</testsuite>
