<?xml version="1.0" encoding="UTF-8"?>
<testsuite name="Teste" tests="1" skipped="0" failures="0" errors="0" timestamp="2020-02-14T16:52:20" hostname="tqi-uol-001255" time="1.599">
  <properties/>
  <testcase name="testGet2" classname="Teste" time="1.599"/>
  <system-out><![CDATA[]]></system-out>
  <system-err><![CDATA[]]></system-err>
</testsuite>
